<?xml version="1.0" encoding="UTF-8"?>
<testsuite xmlns:xsi="http://www.w3.org/2001/XMLSchema-instance" xsi:noNamespaceSchemaLocation="https://maven.apache.org/surefire/maven-surefire-plugin/xsd/surefire-test-report-3.0.xsd" version="3.0" name="com.sapient.models.CurrencyTest" time="0.07" tests="14" errors="0" skipped="0" failures="0">
  <properties>
[...]
</properties>
  <testcase name="countryCodeGoodTest(int)[1]" classname="com.sapient.models.CurrencyTest" time="0.002"/>
  <testcase name="countryCodeGoodTest(int)[2]" classname="com.sapient.models.CurrencyTest" time="0.002"/>
  <testcase name="countryCodeGoodTest(int)[3]" classname="com.sapient.models.CurrencyTest" time="0.002"/>
  <testcase name="currencyIdNotZeroTest(int)[1]" classname="com.sapient.models.CurrencyTest" time="0.001"/>
  <testcase name="currencyIdNotZeroTest(int)[2]" classname="com.sapient.models.CurrencyTest" time="0"/>
  <testcase name="currencyIdNotZeroTest(int)[3]" classname="com.sapient.models.CurrencyTest" time="0.002"/>
  <testcase name="currencyNotNullTest" classname="com.sapient.models.CurrencyTest" time="0"/>
  <testcase name="testWithCsvFileSource(int,String, int,Symbol,String)" classname="com.sapient.models.CurrencyTest" time="0.012"/>
  <testcase name="testWithCsvFileSource(int,String, int,Symbol,String)" classname="com.sapient.models.CurrencyTest" time="0.001"/>
  <testcase name="testWithCsvFileSource(int,String, int,Symbol,String)" classname="com.sapient.models.CurrencyTest" time="0.001"/>
  <testcase name="testWithCsvFileSource(int,String, int,Symbol,String)" classname="com.sapient.models.CurrencyTest" time="0.001"/>
  <testcase name="testWithCsvFileSource(int,String, int,Symbol,String)" classname="com.sapient.models.CurrencyTest" time="0.001"/>
  <testcase name="testWithCsvFileSource(int,String, int,Symbol,String)" classname="com.sapient.models.CurrencyTest" time="0.001"/>
  <testcase name="testWithCsvFileSource(int,String, int,Symbol,String)" classname="com.sapient.models.CurrencyTest" time="0.001"/>
</testsuite>